<?xml version="1.0" encoding="UTF-8"?>
<!-- Generated by org.testng.reporters.JUnitReportReporter -->
<testsuite hostname="DESKTOP-EGODLGH" failures="0" tests="1" name="driverFactory.AppTest" time="26.310" errors="0" timestamp="2024-12-03T16:29:38 IST" skipped="0">
  <testcase classname="driverFactory.AppTest" name="startTest" time="26.310">
    <system-out>
      <![CDATA[Stock-000003745         Stock-000003745]]>
    </system-out>
  </testcase> <!-- startTest -->
  <system-out>
    <![CDATA[Stock-000003745         Stock-000003745]]>
  </system-out>
</testsuite> <!-- driverFactory.AppTest -->
